Determining if the pthread_create exist failed with the following output:
Change Dir: /home/arslan/uuv_simulator/build/CMakeFiles/CMakeTmp

Run Build Command:"/usr/bin/make" "cmTC_6e57e/fast"
/usr/bin/make -f CMakeFiles/cmTC_6e57e.dir/build.make CMakeFiles/cmTC_6e57e.dir/build
make[1]: Entering directory '/home/arslan/uuv_simulator/build/CMakeFiles/CMakeTmp'
Building C object CMakeFiles/cmTC_6e57e.dir/CheckSymbolExists.c.o
/usr/bin/cc     -o CMakeFiles/cmTC_6e57e.dir/CheckSymbolExists.c.o   -c /home/arslan/uuv_simulator/build/CMakeFiles/CMakeTmp/CheckSymbolExists.c
Linking C executable cmTC_6e57e
/usr/bin/cmake -E cmake_link_script CMakeFiles/cmTC_6e57e.dir/link.txt --verbose=1
/usr/bin/cc       CMakeFiles/cmTC_6e57e.dir/CheckSymbolExists.c.o  -o cmTC_6e57e -rdynamic 
CMakeFiles/cmTC_6e57e.dir/CheckSymbolExists.c.o: In function `main':
CheckSymbolExists.c:(.text+0x16): undefined reference to `pthread_create'
collect2: error: ld returned 1 exit status
CMakeFiles/cmTC_6e57e.dir/build.make:97: recipe for target 'cmTC_6e57e' failed
make[1]: *** [cmTC_6e57e] Error 1
make[1]: Leaving directory '/home/arslan/uuv_simulator/build/CMakeFiles/CMakeTmp'
Makefile:126: recipe for target 'cmTC_6e57e/fast' failed
make: *** [cmTC_6e57e/fast] Error 2

File /home/arslan/uuv_simulator/build/CMakeFiles/CMakeTmp/CheckSymbolExists.c:
/* */
#include <pthread.h>

int main(int argc, char** argv)
{
  (void)argv;
#ifndef pthread_create
  return ((int*)(&pthread_create))[argc];
#else
  (void)argc;
  return 0;
#endif
}

Determining if the function pthread_create exists in the pthreads failed with the following output:
Change Dir: /home/arslan/uuv_simulator/build/CMakeFiles/CMakeTmp

Run Build Command:"/usr/bin/make" "cmTC_84ef9/fast"
/usr/bin/make -f CMakeFiles/cmTC_84ef9.dir/build.make CMakeFiles/cmTC_84ef9.dir/build
make[1]: Entering directory '/home/arslan/uuv_simulator/build/CMakeFiles/CMakeTmp'
Building C object CMakeFiles/cmTC_84ef9.dir/CheckFunctionExists.c.o
/usr/bin/cc    -DCHECK_FUNCTION_EXISTS=pthread_create   -o CMakeFiles/cmTC_84ef9.dir/CheckFunctionExists.c.o   -c /usr/share/cmake-3.5/Modules/CheckFunctionExists.c
Linking C executable cmTC_84ef9
/usr/bin/cmake -E cmake_link_script CMakeFiles/cmTC_84ef9.dir/link.txt --verbose=1
/usr/bin/cc   -DCHECK_FUNCTION_EXISTS=pthread_create    CMakeFiles/cmTC_84ef9.dir/CheckFunctionExists.c.o  -o cmTC_84ef9 -rdynamic -lpthreads 
/usr/bin/ld: cannot find -lpthreads
collect2: error: ld returned 1 exit status
CMakeFiles/cmTC_84ef9.dir/build.make:97: recipe for target 'cmTC_84ef9' failed
make[1]: *** [cmTC_84ef9] Error 1
make[1]: Leaving directory '/home/arslan/uuv_simulator/build/CMakeFiles/CMakeTmp'
Makefile:126: recipe for target 'cmTC_84ef9/fast' failed
make: *** [cmTC_84ef9/fast] Error 2


